2015-04-11 12:38:28,310 - Created: 20 parsers.
2015-04-11 12:38:28,357 - Velocimacro : initialization starting.
2015-04-11 12:38:28,358 - Velocimacro : adding VMs from VM library template : VM_global_library.vm
2015-04-11 12:38:28,403 - ResourceManager : unable to find resource 'VM_global_library.vm' in any resource loader.
2015-04-11 12:38:28,403 - Velocimacro : error using  VM library template VM_global_library.vm : org.apache.velocity.exception.ResourceNotFoundException: Unable to find resource 'VM_global_library.vm'
2015-04-11 12:38:28,403 - Velocimacro :  VM library template macro registration complete.
2015-04-11 12:38:28,404 - Velocimacro : allowInline = true : VMs can be defined inline in templates
2015-04-11 12:38:28,404 - Velocimacro : allowInlineToOverride = false : VMs defined inline may NOT replace previous VM definitions
2015-04-11 12:38:28,404 - Velocimacro : allowInlineLocal = false : VMs defined inline will be  global in scope if allowed.
2015-04-11 12:38:28,404 - Velocimacro : messages on  : VM system will output logging messages
2015-04-11 12:38:28,404 - Velocimacro : autoload off  : VM system will not automatically reload global library macros
2015-04-11 12:38:28,405 - Velocimacro : initialization complete.
2015-04-11 12:38:28,405 - Velocity successfully started.
2015-04-11 12:41:07,267 - SimpleLog4JLogSystem initialized using logfile 'velocity.log'
2015-04-11 12:41:07,269 - ************************************************************** 
2015-04-11 12:41:07,269 - Starting Jakarta Velocity v1.4
2015-04-11 12:41:07,269 - RuntimeInstance initializing.
2015-04-11 12:41:07,269 - Default Properties File: org\apache\velocity\runtime\defaults\velocity.properties
2015-04-11 12:41:07,270 - Trying to use logger class org.apache.velocity.runtime.log.SimpleLog4JLogSystem
2015-04-11 12:41:07,270 - Using logger class org.apache.velocity.runtime.log.SimpleLog4JLogSystem
2015-04-11 12:41:07,283 - Default ResourceManager initializing. (class org.apache.velocity.runtime.resource.ResourceManagerImpl)
2015-04-11 12:41:07,295 - Resource Loader Instantiated: org.apache.velocity.runtime.resource.loader.ClasspathResourceLoader
2015-04-11 12:41:07,295 - ClasspathResourceLoader : initialization starting.
2015-04-11 12:41:07,295 - ClasspathResourceLoader : initialization complete.
2015-04-11 12:41:07,302 - ResourceCache : initialized. (class org.apache.velocity.runtime.resource.ResourceCacheImpl)
2015-04-11 12:41:07,302 - Default ResourceManager initialization complete.
2015-04-11 12:41:07,309 - Loaded System Directive: org.apache.velocity.runtime.directive.Literal
2015-04-11 12:41:07,316 - Loaded System Directive: org.apache.velocity.runtime.directive.Macro
2015-04-11 12:41:07,325 - Loaded System Directive: org.apache.velocity.runtime.directive.Parse
2015-04-11 12:41:07,332 - Loaded System Directive: org.apache.velocity.runtime.directive.Include
2015-04-11 12:41:07,335 - Loaded System Directive: org.apache.velocity.runtime.directive.Foreach
2015-04-11 12:41:07,435 - Created: 20 parsers.
2015-04-11 12:41:07,458 - Velocimacro : initialization starting.
2015-04-11 12:41:07,458 - Velocimacro : adding VMs from VM library template : VM_global_library.vm
2015-04-11 12:41:07,471 - ResourceManager : unable to find resource 'VM_global_library.vm' in any resource loader.
2015-04-11 12:41:07,471 - Velocimacro : error using  VM library template VM_global_library.vm : org.apache.velocity.exception.ResourceNotFoundException: Unable to find resource 'VM_global_library.vm'
2015-04-11 12:41:07,471 - Velocimacro :  VM library template macro registration complete.
2015-04-11 12:41:07,471 - Velocimacro : allowInline = true : VMs can be defined inline in templates
2015-04-11 12:41:07,472 - Velocimacro : allowInlineToOverride = false : VMs defined inline may NOT replace previous VM definitions
2015-04-11 12:41:07,472 - Velocimacro : allowInlineLocal = false : VMs defined inline will be  global in scope if allowed.
2015-04-11 12:41:07,472 - Velocimacro : messages on  : VM system will output logging messages
2015-04-11 12:41:07,472 - Velocimacro : autoload off  : VM system will not automatically reload global library macros
2015-04-11 12:41:07,472 - Velocimacro : initialization complete.
2015-04-11 12:41:07,472 - Velocity successfully started.
2015-04-11 12:41:42,310 - ResourceManager : found repast/simphony/scenario/Scenario.vt with loader org.apache.velocity.runtime.resource.loader.ClasspathResourceLoader
2015-04-11 12:54:14,972 - SimpleLog4JLogSystem initialized using logfile 'velocity.log'
2015-04-11 12:54:14,972 - ************************************************************** 
2015-04-11 12:54:14,972 - Starting Jakarta Velocity v1.4
2015-04-11 12:54:14,973 - RuntimeInstance initializing.
2015-04-11 12:54:14,973 - Default Properties File: org\apache\velocity\runtime\defaults\velocity.properties
2015-04-11 12:54:14,973 - Trying to use logger class org.apache.velocity.runtime.log.SimpleLog4JLogSystem
2015-04-11 12:54:14,973 - Using logger class org.apache.velocity.runtime.log.SimpleLog4JLogSystem
2015-04-11 12:54:14,982 - Default ResourceManager initializing. (class org.apache.velocity.runtime.resource.ResourceManagerImpl)
2015-04-11 12:54:14,990 - Resource Loader Instantiated: org.apache.velocity.runtime.resource.loader.ClasspathResourceLoader
2015-04-11 12:54:14,990 - ClasspathResourceLoader : initialization starting.
2015-04-11 12:54:14,990 - ClasspathResourceLoader : initialization complete.
2015-04-11 12:54:14,995 - ResourceCache : initialized. (class org.apache.velocity.runtime.resource.ResourceCacheImpl)
2015-04-11 12:54:14,996 - Default ResourceManager initialization complete.
2015-04-11 12:54:15,001 - Loaded System Directive: org.apache.velocity.runtime.directive.Literal
2015-04-11 12:54:15,006 - Loaded System Directive: org.apache.velocity.runtime.directive.Macro
2015-04-11 12:54:15,015 - Loaded System Directive: org.apache.velocity.runtime.directive.Parse
2015-04-11 12:54:15,021 - Loaded System Directive: org.apache.velocity.runtime.directive.Include
2015-04-11 12:54:15,024 - Loaded System Directive: org.apache.velocity.runtime.directive.Foreach
2015-04-11 12:54:15,105 - Created: 20 parsers.
2015-04-11 12:54:15,125 - Velocimacro : initialization starting.
2015-04-11 12:54:15,125 - Velocimacro : adding VMs from VM library template : VM_global_library.vm
2015-04-11 12:54:15,135 - ResourceManager : unable to find resource 'VM_global_library.vm' in any resource loader.
2015-04-11 12:54:15,135 - Velocimacro : error using  VM library template VM_global_library.vm : org.apache.velocity.exception.ResourceNotFoundException: Unable to find resource 'VM_global_library.vm'
2015-04-11 12:54:15,136 - Velocimacro :  VM library template macro registration complete.
2015-04-11 12:54:15,136 - Velocimacro : allowInline = true : VMs can be defined inline in templates
2015-04-11 12:54:15,136 - Velocimacro : allowInlineToOverride = false : VMs defined inline may NOT replace previous VM definitions
2015-04-11 12:54:15,136 - Velocimacro : allowInlineLocal = false : VMs defined inline will be  global in scope if allowed.
2015-04-11 12:54:15,136 - Velocimacro : messages on  : VM system will output logging messages
2015-04-11 12:54:15,136 - Velocimacro : autoload off  : VM system will not automatically reload global library macros
2015-04-11 12:54:15,136 - Velocimacro : initialization complete.
2015-04-11 12:54:15,136 - Velocity successfully started.
2015-04-11 12:56:20,202 - SimpleLog4JLogSystem initialized using logfile 'velocity.log'
2015-04-11 12:56:20,202 - ************************************************************** 
2015-04-11 12:56:20,202 - Starting Jakarta Velocity v1.4
2015-04-11 12:56:20,202 - RuntimeInstance initializing.
2015-04-11 12:56:20,202 - Default Properties File: org\apache\velocity\runtime\defaults\velocity.properties
2015-04-11 12:56:20,202 - Trying to use logger class org.apache.velocity.runtime.log.SimpleLog4JLogSystem
2015-04-11 12:56:20,203 - Using logger class org.apache.velocity.runtime.log.SimpleLog4JLogSystem
2015-04-11 12:56:20,210 - Default ResourceManager initializing. (class org.apache.velocity.runtime.resource.ResourceManagerImpl)
2015-04-11 12:56:20,216 - Resource Loader Instantiated: org.apache.velocity.runtime.resource.loader.ClasspathResourceLoader
2015-04-11 12:56:20,216 - ClasspathResourceLoader : initialization starting.
2015-04-11 12:56:20,216 - ClasspathResourceLoader : initialization complete.
2015-04-11 12:56:20,220 - ResourceCache : initialized. (class org.apache.velocity.runtime.resource.ResourceCacheImpl)
2015-04-11 12:56:20,220 - Default ResourceManager initialization complete.
2015-04-11 12:56:20,223 - Loaded System Directive: org.apache.velocity.runtime.directive.Literal
2015-04-11 12:56:20,227 - Loaded System Directive: org.apache.velocity.runtime.directive.Macro
2015-04-11 12:56:20,233 - Loaded System Directive: org.apache.velocity.runtime.directive.Parse
2015-04-11 12:56:20,236 - Loaded System Directive: org.apache.velocity.runtime.directive.Include
2015-04-11 12:56:20,238 - Loaded System Directive: org.apache.velocity.runtime.directive.Foreach
2015-04-11 12:56:20,299 - Created: 20 parsers.
2015-04-11 12:56:20,315 - Velocimacro : initialization starting.
2015-04-11 12:56:20,315 - Velocimacro : adding VMs from VM library template : VM_global_library.vm
2015-04-11 12:56:20,323 - ResourceManager : unable to find resource 'VM_global_library.vm' in any resource loader.
2015-04-11 12:56:20,323 - Velocimacro : error using  VM library template VM_global_library.vm : org.apache.velocity.exception.ResourceNotFoundException: Unable to find resource 'VM_global_library.vm'
2015-04-11 12:56:20,323 - Velocimacro :  VM library template macro registration complete.
2015-04-11 12:56:20,323 - Velocimacro : allowInline = true : VMs can be defined inline in templates
2015-04-11 12:56:20,323 - Velocimacro : allowInlineToOverride = false : VMs defined inline may NOT replace previous VM definitions
2015-04-11 12:56:20,323 - Velocimacro : allowInlineLocal = false : VMs defined inline will be  global in scope if allowed.
2015-04-11 12:56:20,323 - Velocimacro : messages on  : VM system will output logging messages
2015-04-11 12:56:20,323 - Velocimacro : autoload off  : VM system will not automatically reload global library macros
2015-04-11 12:56:20,324 - Velocimacro : initialization complete.
2015-04-11 12:56:20,324 - Velocity successfully started.
2015-04-11 12:58:46,089 - SimpleLog4JLogSystem initialized using logfile 'velocity.log'
2015-04-11 12:58:46,090 - ************************************************************** 
2015-04-11 12:58:46,090 - Starting Jakarta Velocity v1.4
2015-04-11 12:58:46,090 - RuntimeInstance initializing.
2015-04-11 12:58:46,090 - Default Properties File: org\apache\velocity\runtime\defaults\velocity.properties
2015-04-11 12:58:46,090 - Trying to use logger class org.apache.velocity.runtime.log.SimpleLog4JLogSystem
2015-04-11 12:58:46,090 - Using logger class org.apache.velocity.runtime.log.SimpleLog4JLogSystem
2015-04-11 12:58:46,099 - Default ResourceManager initializing. (class org.apache.velocity.runtime.resource.ResourceManagerImpl)
2015-04-11 12:58:46,106 - Resource Loader Instantiated: org.apache.velocity.runtime.resource.loader.ClasspathResourceLoader
2015-04-11 12:58:46,107 - ClasspathResourceLoader : initialization starting.
2015-04-11 12:58:46,107 - ClasspathResourceLoader : initialization complete.
2015-04-11 12:58:46,112 - ResourceCache : initialized. (class org.apache.velocity.runtime.resource.ResourceCacheImpl)
2015-04-11 12:58:46,112 - Default ResourceManager initialization complete.
2015-04-11 12:58:46,116 - Loaded System Directive: org.apache.velocity.runtime.directive.Literal
2015-04-11 12:58:46,122 - Loaded System Directive: org.apache.velocity.runtime.directive.Macro
2015-04-11 12:58:46,129 - Loaded System Directive: org.apache.velocity.runtime.directive.Parse
2015-04-11 12:58:46,134 - Loaded System Directive: org.apache.velocity.runtime.directive.Include
2015-04-11 12:58:46,136 - Loaded System Directive: org.apache.velocity.runtime.directive.Foreach
2015-04-11 12:58:46,210 - Created: 20 parsers.
2015-04-11 12:58:46,228 - Velocimacro : initialization starting.
2015-04-11 12:58:46,228 - Velocimacro : adding VMs from VM library template : VM_global_library.vm
2015-04-11 12:58:46,238 - ResourceManager : unable to find resource 'VM_global_library.vm' in any resource loader.
2015-04-11 12:58:46,238 - Velocimacro : error using  VM library template VM_global_library.vm : org.apache.velocity.exception.ResourceNotFoundException: Unable to find resource 'VM_global_library.vm'
2015-04-11 12:58:46,238 - Velocimacro :  VM library template macro registration complete.
2015-04-11 12:58:46,238 - Velocimacro : allowInline = true : VMs can be defined inline in templates
2015-04-11 12:58:46,238 - Velocimacro : allowInlineToOverride = false : VMs defined inline may NOT replace previous VM definitions
2015-04-11 12:58:46,238 - Velocimacro : allowInlineLocal = false : VMs defined inline will be  global in scope if allowed.
2015-04-11 12:58:46,238 - Velocimacro : messages on  : VM system will output logging messages
2015-04-11 12:58:46,238 - Velocimacro : autoload off  : VM system will not automatically reload global library macros
2015-04-11 12:58:46,238 - Velocimacro : initialization complete.
2015-04-11 12:58:46,238 - Velocity successfully started.
2015-04-11 13:11:18,345 - SimpleLog4JLogSystem initialized using logfile 'velocity.log'
2015-04-11 13:11:18,346 - ************************************************************** 
2015-04-11 13:11:18,346 - Starting Jakarta Velocity v1.4
2015-04-11 13:11:18,346 - RuntimeInstance initializing.
2015-04-11 13:11:18,346 - Default Properties File: org\apache\velocity\runtime\defaults\velocity.properties
2015-04-11 13:11:18,346 - Trying to use logger class org.apache.velocity.runtime.log.SimpleLog4JLogSystem
2015-04-11 13:11:18,346 - Using logger class org.apache.velocity.runtime.log.SimpleLog4JLogSystem
2015-04-11 13:11:18,354 - Default ResourceManager initializing. (class org.apache.velocity.runtime.resource.ResourceManagerImpl)
2015-04-11 13:11:18,361 - Resource Loader Instantiated: org.apache.velocity.runtime.resource.loader.ClasspathResourceLoader
2015-04-11 13:11:18,361 - ClasspathResourceLoader : initialization starting.
2015-04-11 13:11:18,361 - ClasspathResourceLoader : initialization complete.
2015-04-11 13:11:18,366 - ResourceCache : initialized. (class org.apache.velocity.runtime.resource.ResourceCacheImpl)
2015-04-11 13:11:18,366 - Default ResourceManager initialization complete.
2015-04-11 13:11:18,370 - Loaded System Directive: org.apache.velocity.runtime.directive.Literal
2015-04-11 13:11:18,375 - Loaded System Directive: org.apache.velocity.runtime.directive.Macro
2015-04-11 13:11:18,391 - Loaded System Directive: org.apache.velocity.runtime.directive.Parse
2015-04-11 13:11:18,397 - Loaded System Directive: org.apache.velocity.runtime.directive.Include
2015-04-11 13:11:18,400 - Loaded System Directive: org.apache.velocity.runtime.directive.Foreach
2015-04-11 13:11:18,463 - Created: 20 parsers.
2015-04-11 13:11:18,483 - Velocimacro : initialization starting.
2015-04-11 13:11:18,483 - Velocimacro : adding VMs from VM library template : VM_global_library.vm
2015-04-11 13:11:18,493 - ResourceManager : unable to find resource 'VM_global_library.vm' in any resource loader.
2015-04-11 13:11:18,493 - Velocimacro : error using  VM library template VM_global_library.vm : org.apache.velocity.exception.ResourceNotFoundException: Unable to find resource 'VM_global_library.vm'
2015-04-11 13:11:18,494 - Velocimacro :  VM library template macro registration complete.
2015-04-11 13:11:18,494 - Velocimacro : allowInline = true : VMs can be defined inline in templates
2015-04-11 13:11:18,494 - Velocimacro : allowInlineToOverride = false : VMs defined inline may NOT replace previous VM definitions
2015-04-11 13:11:18,494 - Velocimacro : allowInlineLocal = false : VMs defined inline will be  global in scope if allowed.
2015-04-11 13:11:18,494 - Velocimacro : messages on  : VM system will output logging messages
2015-04-11 13:11:18,494 - Velocimacro : autoload off  : VM system will not automatically reload global library macros
2015-04-11 13:11:18,494 - Velocimacro : initialization complete.
2015-04-11 13:11:18,494 - Velocity successfully started.
2015-04-11 13:17:57,035 - SimpleLog4JLogSystem initialized using logfile 'velocity.log'
2015-04-11 13:17:57,036 - ************************************************************** 
2015-04-11 13:17:57,036 - Starting Jakarta Velocity v1.4
2015-04-11 13:17:57,036 - RuntimeInstance initializing.
2015-04-11 13:17:57,036 - Default Properties File: org\apache\velocity\runtime\defaults\velocity.properties
2015-04-11 13:17:57,036 - Trying to use logger class org.apache.velocity.runtime.log.SimpleLog4JLogSystem
2015-04-11 13:17:57,037 - Using logger class org.apache.velocity.runtime.log.SimpleLog4JLogSystem
2015-04-11 13:17:57,048 - Default ResourceManager initializing. (class org.apache.velocity.runtime.resource.ResourceManagerImpl)
2015-04-11 13:17:57,059 - Resource Loader Instantiated: org.apache.velocity.runtime.resource.loader.ClasspathResourceLoader
2015-04-11 13:17:57,060 - ClasspathResourceLoader : initialization starting.
2015-04-11 13:17:57,060 - ClasspathResourceLoader : initialization complete.
2015-04-11 13:17:57,066 - ResourceCache : initialized. (class org.apache.velocity.runtime.resource.ResourceCacheImpl)
2015-04-11 13:17:57,067 - Default ResourceManager initialization complete.
2015-04-11 13:17:57,073 - Loaded System Directive: org.apache.velocity.runtime.directive.Literal
2015-04-11 13:17:57,080 - Loaded System Directive: org.apache.velocity.runtime.directive.Macro
2015-04-11 13:17:57,090 - Loaded System Directive: org.apache.velocity.runtime.directive.Parse
2015-04-11 13:17:57,098 - Loaded System Directive: org.apache.velocity.runtime.directive.Include
2015-04-11 13:17:57,102 - Loaded System Directive: org.apache.velocity.runtime.directive.Foreach
2015-04-11 13:17:57,196 - Created: 20 parsers.
2015-04-11 13:17:57,219 - Velocimacro : initialization starting.
2015-04-11 13:17:57,219 - Velocimacro : adding VMs from VM library template : VM_global_library.vm
2015-04-11 13:17:57,231 - ResourceManager : unable to find resource 'VM_global_library.vm' in any resource loader.
2015-04-11 13:17:57,231 - Velocimacro : error using  VM library template VM_global_library.vm : org.apache.velocity.exception.ResourceNotFoundException: Unable to find resource 'VM_global_library.vm'
2015-04-11 13:17:57,231 - Velocimacro :  VM library template macro registration complete.
2015-04-11 13:17:57,232 - Velocimacro : allowInline = true : VMs can be defined inline in templates
2015-04-11 13:17:57,232 - Velocimacro : allowInlineToOverride = false : VMs defined inline may NOT replace previous VM definitions
2015-04-11 13:17:57,232 - Velocimacro : allowInlineLocal = false : VMs defined inline will be  global in scope if allowed.
2015-04-11 13:17:57,232 - Velocimacro : messages on  : VM system will output logging messages
2015-04-11 13:17:57,232 - Velocimacro : autoload off  : VM system will not automatically reload global library macros
2015-04-11 13:17:57,232 - Velocimacro : initialization complete.
2015-04-11 13:17:57,232 - Velocity successfully started.
2015-04-11 13:29:33,965 - SimpleLog4JLogSystem initialized using logfile 'velocity.log'
2015-04-11 13:29:33,965 - ************************************************************** 
2015-04-11 13:29:33,965 - Starting Jakarta Velocity v1.4
2015-04-11 13:29:33,965 - RuntimeInstance initializing.
2015-04-11 13:29:33,965 - Default Properties File: org\apache\velocity\runtime\defaults\velocity.properties
2015-04-11 13:29:33,966 - Trying to use logger class org.apache.velocity.runtime.log.SimpleLog4JLogSystem
2015-04-11 13:29:33,966 - Using logger class org.apache.velocity.runtime.log.SimpleLog4JLogSystem
2015-04-11 13:29:33,973 - Default ResourceManager initializing. (class org.apache.velocity.runtime.resource.ResourceManagerImpl)
2015-04-11 13:29:33,979 - Resource Loader Instantiated: org.apache.velocity.runtime.resource.loader.ClasspathResourceLoader
2015-04-11 13:29:33,979 - ClasspathResourceLoader : initialization starting.
2015-04-11 13:29:33,980 - ClasspathResourceLoader : initialization complete.
2015-04-11 13:29:33,984 - ResourceCache : initialized. (class org.apache.velocity.runtime.resource.ResourceCacheImpl)
2015-04-11 13:29:33,984 - Default ResourceManager initialization complete.
2015-04-11 13:29:33,988 - Loaded System Directive: org.apache.velocity.runtime.directive.Literal
2015-04-11 13:29:33,992 - Loaded System Directive: org.apache.velocity.runtime.directive.Macro
2015-04-11 13:29:33,998 - Loaded System Directive: org.apache.velocity.runtime.directive.Parse
2015-04-11 13:29:34,003 - Loaded System Directive: org.apache.velocity.runtime.directive.Include
2015-04-11 13:29:34,005 - Loaded System Directive: org.apache.velocity.runtime.directive.Foreach
2015-04-11 13:29:34,078 - Created: 20 parsers.
2015-04-11 13:29:34,096 - Velocimacro : initialization starting.
2015-04-11 13:29:34,096 - Velocimacro : adding VMs from VM library template : VM_global_library.vm
2015-04-11 13:29:34,106 - ResourceManager : unable to find resource 'VM_global_library.vm' in any resource loader.
2015-04-11 13:29:34,106 - Velocimacro : error using  VM library template VM_global_library.vm : org.apache.velocity.exception.ResourceNotFoundException: Unable to find resource 'VM_global_library.vm'
2015-04-11 13:29:34,106 - Velocimacro :  VM library template macro registration complete.
2015-04-11 13:29:34,106 - Velocimacro : allowInline = true : VMs can be defined inline in templates
2015-04-11 13:29:34,106 - Velocimacro : allowInlineToOverride = false : VMs defined inline may NOT replace previous VM definitions
2015-04-11 13:29:34,106 - Velocimacro : allowInlineLocal = false : VMs defined inline will be  global in scope if allowed.
2015-04-11 13:29:34,107 - Velocimacro : messages on  : VM system will output logging messages
2015-04-11 13:29:34,107 - Velocimacro : autoload off  : VM system will not automatically reload global library macros
2015-04-11 13:29:34,107 - Velocimacro : initialization complete.
2015-04-11 13:29:34,107 - Velocity successfully started.
